<?xml version="1.0" encoding="UTF-8"?>
<!-- Generated by org.testng.reporters.JUnitReportReporter -->
<testsuite hostname="LAPTOP-HE3IJ9BH" failures="0" tests="1" name="TestDrive.LanguageTest1" time="9.811" errors="0" timestamp="2023-09-05T17:57:59 IST" skipped="0">
  <testcase classname="TestDrive.LanguageTest1" name="Language" time="9.811"/>
  <system-out/>
</testsuite> <!-- TestDrive.LanguageTest1 -->
