<?xml version="1.0" encoding="UTF-8"?>
<!-- Generated by org.testng.reporters.JUnitReportReporter -->
<testsuite hostname="LAPTOP-HE3IJ9BH" failures="0" tests="1" name="TestDrive.ComedyPageTest1" time="8.269" errors="0" timestamp="2023-09-05T17:57:59 IST" skipped="0">
  <testcase classname="TestDrive.ComedyPageTest1" name="ComedyTest" time="8.269"/>
  <system-out/>
</testsuite> <!-- TestDrive.ComedyPageTest1 -->
