<?xml version="1.0" encoding="UTF-8"?>
<!-- Generated by org.testng.reporters.JUnitReportReporter -->
<testsuite hostname="LAPTOP-HE3IJ9BH" failures="0" tests="1" name="TestDrive.SigninTest2" time="10.499" errors="0" timestamp="2023-09-05T17:57:59 IST" skipped="0">
  <testcase classname="TestDrive.SigninTest2" name="Login" time="10.499"/>
  <system-out/>
</testsuite> <!-- TestDrive.SigninTest2 -->
