<?xml version="1.0" encoding="UTF-8"?>
<!-- Generated by org.testng.reporters.JUnitReportReporter -->
<testsuite hostname="LAPTOP-HE3IJ9BH" failures="0" tests="1" name="TestDrive.LoginTest" time="8.784" errors="0" timestamp="2023-09-05T11:20:51 IST" skipped="0">
  <testcase classname="TestDrive.LoginTest" name="Login" time="8.784"/>
  <system-out/>
</testsuite> <!-- TestDrive.LoginTest -->
