<?xml version="1.0" encoding="UTF-8"?>
<!-- Generated by org.testng.reporters.JUnitReportReporter -->
<testsuite hostname="LAPTOP-HE3IJ9BH" failures="0" tests="1" name="TestDrive.SigninTest1" time="13.418" errors="0" timestamp="2023-09-05T17:57:59 IST" skipped="0">
  <testcase classname="TestDrive.SigninTest1" name="Login" time="13.418"/>
  <system-out/>
</testsuite> <!-- TestDrive.SigninTest1 -->
