<?xml version="1.0" encoding="UTF-8"?>
<!-- Generated by org.testng.reporters.JUnitReportReporter -->
<testsuite hostname="LAPTOP-HE3IJ9BH" failures="0" tests="1" name="TestDrive.HomePagetest1" time="14.078" errors="0" timestamp="2023-09-05T17:57:59 IST" skipped="0">
  <testcase classname="TestDrive.HomePagetest1" name="HomePage" time="14.078"/>
  <system-out/>
</testsuite> <!-- TestDrive.HomePagetest1 -->
