<?xml version="1.0" encoding="UTF-8"?>
<!-- Generated by org.testng.reporters.JUnitReportReporter -->
<testsuite hostname="LAPTOP-HE3IJ9BH" failures="0" tests="1" name="TestDrive.SearchPageTest1" time="9.569" errors="0" timestamp="2023-09-05T17:57:59 IST" skipped="0">
  <testcase classname="TestDrive.SearchPageTest1" name="Search" time="9.569"/>
  <system-out/>
</testsuite> <!-- TestDrive.SearchPageTest1 -->
